-- Found ament_cmake: 1.3.5 (/opt/ros/humble/share/ament_cmake/cmake)
-- Found Python3: /usr/bin/python3.10 (found version "3.10.12") found components: Interpreter 
-- Found rclpy: 3.3.10 (/opt/ros/humble/share/rclpy/cmake)
-- Found std_msgs: 4.2.3 (/opt/ros/humble/share/std_msgs/cmake)
-- Found rosidl_generator_c: 3.1.5 (/opt/ros/humble/share/rosidl_generator_c/cmake)
-- Found rosidl_adapter: 3.1.5 (/opt/ros/humble/share/rosidl_adapter/cmake)
-- Found rosidl_generator_cpp: 3.1.5 (/opt/ros/humble/share/rosidl_generator_cpp/cmake)
-- Using all available rosidl_typesupport_c: rosidl_typesupport_fastrtps_c;rosidl_typesupport_introspection_c
-- Using all available rosidl_typesupport_cpp: rosidl_typesupport_fastrtps_cpp;rosidl_typesupport_introspection_cpp
-- Configuring done
-- Generating done
-- Build files have been written to: /home/hegel/Documents/GitHub/mod8-pon3/build/my_ros_chatbot_package
-- Install configuration: ""
-- Installing: /home/hegel/Documents/GitHub/mod8-pon3/install/my_ros_chatbot_package/share/ament_index/resource_index/package_run_dependencies/my_ros_chatbot_package
-- Installing: /home/hegel/Documents/GitHub/mod8-pon3/install/my_ros_chatbot_package/share/ament_index/resource_index/parent_prefix_path/my_ros_chatbot_package
-- Installing: /home/hegel/Documents/GitHub/mod8-pon3/install/my_ros_chatbot_package/share/my_ros_chatbot_package/environment/ament_prefix_path.sh
-- Installing: /home/hegel/Documents/GitHub/mod8-pon3/install/my_ros_chatbot_package/share/my_ros_chatbot_package/environment/ament_prefix_path.dsv
-- Installing: /home/hegel/Documents/GitHub/mod8-pon3/install/my_ros_chatbot_package/share/my_ros_chatbot_package/environment/path.sh
-- Installing: /home/hegel/Documents/GitHub/mod8-pon3/install/my_ros_chatbot_package/share/my_ros_chatbot_package/environment/path.dsv
-- Installing: /home/hegel/Documents/GitHub/mod8-pon3/install/my_ros_chatbot_package/share/my_ros_chatbot_package/local_setup.bash
-- Installing: /home/hegel/Documents/GitHub/mod8-pon3/install/my_ros_chatbot_package/share/my_ros_chatbot_package/local_setup.sh
-- Installing: /home/hegel/Documents/GitHub/mod8-pon3/install/my_ros_chatbot_package/share/my_ros_chatbot_package/local_setup.zsh
-- Installing: /home/hegel/Documents/GitHub/mod8-pon3/install/my_ros_chatbot_package/share/my_ros_chatbot_package/local_setup.dsv
-- Installing: /home/hegel/Documents/GitHub/mod8-pon3/install/my_ros_chatbot_package/share/my_ros_chatbot_package/package.dsv
-- Installing: /home/hegel/Documents/GitHub/mod8-pon3/install/my_ros_chatbot_package/share/ament_index/resource_index/packages/my_ros_chatbot_package
-- Installing: /home/hegel/Documents/GitHub/mod8-pon3/install/my_ros_chatbot_package/share/my_ros_chatbot_package/cmake/my_ros_chatbot_packageConfig.cmake
-- Installing: /home/hegel/Documents/GitHub/mod8-pon3/install/my_ros_chatbot_package/share/my_ros_chatbot_package/cmake/my_ros_chatbot_packageConfig-version.cmake
-- Installing: /home/hegel/Documents/GitHub/mod8-pon3/install/my_ros_chatbot_package/share/my_ros_chatbot_package/package.xml
