[0.051s] Invoking command in '/home/hegel/Documents/GitHub/mod8-pon3/build/my_ros_chatbot_package': DEBUGINFOD_URLS=https://debuginfod.ubuntu.com _=/usr/bin/env /usr/bin/cmake /home/hegel/Documents/GitHub/mod8-pon3 -DCATKIN_INSTALL_INTO_PREFIX_ROOT=0 -DCMAKE_INSTALL_PREFIX=/home/hegel/Documents/GitHub/mod8-pon3/install/my_ros_chatbot_package
[0.064s] -- Found ament_cmake: 1.3.5 (/opt/ros/humble/share/ament_cmake/cmake)
[0.200s] -- Found Python3: /usr/bin/python3.10 (found version "3.10.12") found components: Interpreter 
[0.325s] -- Found rclpy: 3.3.10 (/opt/ros/humble/share/rclpy/cmake)
[0.327s] -- Found std_msgs: 4.2.3 (/opt/ros/humble/share/std_msgs/cmake)
[0.400s] -- Found rosidl_generator_c: 3.1.5 (/opt/ros/humble/share/rosidl_generator_c/cmake)
[0.409s] -- Found rosidl_adapter: 3.1.5 (/opt/ros/humble/share/rosidl_adapter/cmake)
[0.425s] -- Found rosidl_generator_cpp: 3.1.5 (/opt/ros/humble/share/rosidl_generator_cpp/cmake)
[0.454s] -- Using all available rosidl_typesupport_c: rosidl_typesupport_fastrtps_c;rosidl_typesupport_introspection_c
[0.484s] -- Using all available rosidl_typesupport_cpp: rosidl_typesupport_fastrtps_cpp;rosidl_typesupport_introspection_cpp
[0.636s] -- Configuring done
[0.640s] -- Generating done
[0.640s] -- Build files have been written to: /home/hegel/Documents/GitHub/mod8-pon3/build/my_ros_chatbot_package
[0.645s] Invoked command in '/home/hegel/Documents/GitHub/mod8-pon3/build/my_ros_chatbot_package' returned '0': DEBUGINFOD_URLS=https://debuginfod.ubuntu.com _=/usr/bin/env /usr/bin/cmake /home/hegel/Documents/GitHub/mod8-pon3 -DCATKIN_INSTALL_INTO_PREFIX_ROOT=0 -DCMAKE_INSTALL_PREFIX=/home/hegel/Documents/GitHub/mod8-pon3/install/my_ros_chatbot_package
[0.646s] Invoking command in '/home/hegel/Documents/GitHub/mod8-pon3/build/my_ros_chatbot_package': DEBUGINFOD_URLS=https://debuginfod.ubuntu.com _=/usr/bin/env /usr/bin/cmake --build /home/hegel/Documents/GitHub/mod8-pon3/build/my_ros_chatbot_package -- -j12 -l12
[0.678s] Invoked command in '/home/hegel/Documents/GitHub/mod8-pon3/build/my_ros_chatbot_package' returned '0': DEBUGINFOD_URLS=https://debuginfod.ubuntu.com _=/usr/bin/env /usr/bin/cmake --build /home/hegel/Documents/GitHub/mod8-pon3/build/my_ros_chatbot_package -- -j12 -l12
[0.717s] Invoking command in '/home/hegel/Documents/GitHub/mod8-pon3/build/my_ros_chatbot_package': DEBUGINFOD_URLS=https://debuginfod.ubuntu.com _=/usr/bin/env /usr/bin/cmake --install /home/hegel/Documents/GitHub/mod8-pon3/build/my_ros_chatbot_package
[0.722s] -- Install configuration: ""
[0.722s] -- Installing: /home/hegel/Documents/GitHub/mod8-pon3/install/my_ros_chatbot_package/share/ament_index/resource_index/package_run_dependencies/my_ros_chatbot_package
[0.723s] -- Installing: /home/hegel/Documents/GitHub/mod8-pon3/install/my_ros_chatbot_package/share/ament_index/resource_index/parent_prefix_path/my_ros_chatbot_package
[0.723s] -- Installing: /home/hegel/Documents/GitHub/mod8-pon3/install/my_ros_chatbot_package/share/my_ros_chatbot_package/environment/ament_prefix_path.sh
[0.723s] -- Installing: /home/hegel/Documents/GitHub/mod8-pon3/install/my_ros_chatbot_package/share/my_ros_chatbot_package/environment/ament_prefix_path.dsv
[0.723s] -- Installing: /home/hegel/Documents/GitHub/mod8-pon3/install/my_ros_chatbot_package/share/my_ros_chatbot_package/environment/path.sh
[0.723s] -- Installing: /home/hegel/Documents/GitHub/mod8-pon3/install/my_ros_chatbot_package/share/my_ros_chatbot_package/environment/path.dsv
[0.723s] -- Installing: /home/hegel/Documents/GitHub/mod8-pon3/install/my_ros_chatbot_package/share/my_ros_chatbot_package/local_setup.bash
[0.723s] -- Installing: /home/hegel/Documents/GitHub/mod8-pon3/install/my_ros_chatbot_package/share/my_ros_chatbot_package/local_setup.sh
[0.723s] -- Installing: /home/hegel/Documents/GitHub/mod8-pon3/install/my_ros_chatbot_package/share/my_ros_chatbot_package/local_setup.zsh
[0.723s] -- Installing: /home/hegel/Documents/GitHub/mod8-pon3/install/my_ros_chatbot_package/share/my_ros_chatbot_package/local_setup.dsv
[0.723s] -- Installing: /home/hegel/Documents/GitHub/mod8-pon3/install/my_ros_chatbot_package/share/my_ros_chatbot_package/package.dsv
[0.723s] -- Installing: /home/hegel/Documents/GitHub/mod8-pon3/install/my_ros_chatbot_package/share/ament_index/resource_index/packages/my_ros_chatbot_package
[0.723s] -- Installing: /home/hegel/Documents/GitHub/mod8-pon3/install/my_ros_chatbot_package/share/my_ros_chatbot_package/cmake/my_ros_chatbot_packageConfig.cmake
[0.724s] -- Installing: /home/hegel/Documents/GitHub/mod8-pon3/install/my_ros_chatbot_package/share/my_ros_chatbot_package/cmake/my_ros_chatbot_packageConfig-version.cmake
[0.724s] -- Installing: /home/hegel/Documents/GitHub/mod8-pon3/install/my_ros_chatbot_package/share/my_ros_chatbot_package/package.xml
[0.725s] Invoked command in '/home/hegel/Documents/GitHub/mod8-pon3/build/my_ros_chatbot_package' returned '0': DEBUGINFOD_URLS=https://debuginfod.ubuntu.com _=/usr/bin/env /usr/bin/cmake --install /home/hegel/Documents/GitHub/mod8-pon3/build/my_ros_chatbot_package
