[0.755s] DEBUG:colcon:Command line arguments: ['/usr/bin/colcon', 'build']
[0.755s] DEBUG:colcon:Parsed command line arguments: Namespace(log_base=None, log_level=None, verb_name='build', build_base='build', install_base='install', merge_install=False, symlink_install=False, test_result_base=None, continue_on_error=False, executor='parallel', parallel_workers=12, event_handlers=None, ignore_user_meta=False, metas=['./colcon.meta'], base_paths=['.'], packages_ignore=None, packages_ignore_regex=None, paths=None, packages_up_to=None, packages_up_to_regex=None, packages_above=None, packages_above_and_dependencies=None, packages_above_depth=None, packages_select_by_dep=None, packages_skip_by_dep=None, packages_skip_up_to=None, packages_select_build_failed=False, packages_skip_build_finished=False, packages_select_test_failures=False, packages_skip_test_passed=False, packages_select=None, packages_skip=None, packages_select_regex=None, packages_skip_regex=None, packages_start=None, packages_end=None, allow_overriding=[], cmake_args=None, cmake_target=None, cmake_target_skip_unavailable=False, cmake_clean_cache=False, cmake_clean_first=False, cmake_force_configure=False, ament_cmake_args=None, catkin_cmake_args=None, catkin_skip_building_tests=False, verb_parser=<colcon_defaults.argument_parser.defaults.DefaultArgumentsDecorator object at 0x7f808566f1c0>, verb_extension=<colcon_core.verb.build.BuildVerb object at 0x7f8085838160>, main=<bound method BuildVerb.main of <colcon_core.verb.build.BuildVerb object at 0x7f8085838160>>)
[0.791s] Level 1:colcon.colcon_core.package_discovery:discover_packages(colcon_meta) check parameters
[0.791s] Level 1:colcon.colcon_core.package_discovery:discover_packages(recursive) check parameters
[0.791s] Level 1:colcon.colcon_core.package_discovery:discover_packages(ignore) check parameters
[0.791s] Level 1:colcon.colcon_core.package_discovery:discover_packages(path) check parameters
[0.791s] Level 1:colcon.colcon_core.package_discovery:discover_packages(colcon_meta) discover
[0.792s] Level 1:colcon.colcon_core.package_discovery:discover_packages(recursive) discover
[0.792s] INFO:colcon.colcon_core.package_discovery:Crawling recursively for packages in '/home/hegel/Documents/GitHub/mod8-pon3'
[0.792s] Level 1:colcon.colcon_core.package_identification:_identify(.) by extensions ['ignore', 'ignore_ament_install']
[0.792s] Level 1:colcon.colcon_core.package_identification:_identify(.) by extension 'ignore'
[0.792s] Level 1:colcon.colcon_core.package_identification:_identify(.) by extension 'ignore_ament_install'
[0.792s] Level 1:colcon.colcon_core.package_identification:_identify(.) by extensions ['colcon_pkg']
[0.792s] Level 1:colcon.colcon_core.package_identification:_identify(.) by extension 'colcon_pkg'
[0.792s] Level 1:colcon.colcon_core.package_identification:_identify(.) by extensions ['colcon_meta']
[0.792s] Level 1:colcon.colcon_core.package_identification:_identify(.) by extension 'colcon_meta'
[0.792s] Level 1:colcon.colcon_core.package_identification:_identify(.) by extensions ['ros']
[0.792s] Level 1:colcon.colcon_core.package_identification:_identify(.) by extension 'ros'
[0.801s] DEBUG:colcon.colcon_core.package_identification:Package '.' with type 'ros.catkin' and name 'my_ros_chatbot_package'
[0.801s] Level 1:colcon.colcon_core.package_discovery:discover_packages(recursive) using defaults
[0.801s] Level 1:colcon.colcon_core.package_discovery:discover_packages(ignore) discover
[0.801s] Level 1:colcon.colcon_core.package_discovery:discover_packages(ignore) using defaults
[0.801s] Level 1:colcon.colcon_core.package_discovery:discover_packages(path) discover
[0.801s] Level 1:colcon.colcon_core.package_discovery:discover_packages(path) using defaults
[0.873s] Level 1:colcon.colcon_core.package_discovery:discover_packages(prefix_path) check parameters
[0.873s] Level 1:colcon.colcon_core.package_discovery:discover_packages(prefix_path) discover
[0.897s] DEBUG:colcon.colcon_installed_package_information.package_discovery:Found 1 installed packages in /home/hegel/Documents/GitHub/mod8-pon3/install
[0.908s] DEBUG:colcon.colcon_installed_package_information.package_discovery:Found 1 installed packages in /home/hegel/turtlebot3_ws/install
[0.920s] DEBUG:colcon.colcon_installed_package_information.package_discovery:Found 380 installed packages in /opt/ros/humble
[0.921s] Level 1:colcon.colcon_core.package_discovery:discover_packages(prefix_path) using defaults
[1.005s] Level 5:colcon.colcon_core.verb:set package 'my_ros_chatbot_package' build argument 'cmake_args' from command line to 'None'
[1.005s] Level 5:colcon.colcon_core.verb:set package 'my_ros_chatbot_package' build argument 'cmake_target' from command line to 'None'
[1.005s] Level 5:colcon.colcon_core.verb:set package 'my_ros_chatbot_package' build argument 'cmake_target_skip_unavailable' from command line to 'False'
[1.005s] Level 5:colcon.colcon_core.verb:set package 'my_ros_chatbot_package' build argument 'cmake_clean_cache' from command line to 'False'
[1.005s] Level 5:colcon.colcon_core.verb:set package 'my_ros_chatbot_package' build argument 'cmake_clean_first' from command line to 'False'
[1.005s] Level 5:colcon.colcon_core.verb:set package 'my_ros_chatbot_package' build argument 'cmake_force_configure' from command line to 'False'
[1.005s] Level 5:colcon.colcon_core.verb:set package 'my_ros_chatbot_package' build argument 'ament_cmake_args' from command line to 'None'
[1.005s] Level 5:colcon.colcon_core.verb:set package 'my_ros_chatbot_package' build argument 'catkin_cmake_args' from command line to 'None'
[1.005s] Level 5:colcon.colcon_core.verb:set package 'my_ros_chatbot_package' build argument 'catkin_skip_building_tests' from command line to 'False'
[1.005s] DEBUG:colcon.colcon_core.verb:Building package 'my_ros_chatbot_package' with the following arguments: {'ament_cmake_args': None, 'build_base': '/home/hegel/Documents/GitHub/mod8-pon3/build/my_ros_chatbot_package', 'catkin_cmake_args': None, 'catkin_skip_building_tests': False, 'cmake_args': None, 'cmake_clean_cache': False, 'cmake_clean_first': False, 'cmake_force_configure': False, 'cmake_target': None, 'cmake_target_skip_unavailable': False, 'install_base': '/home/hegel/Documents/GitHub/mod8-pon3/install/my_ros_chatbot_package', 'merge_install': False, 'path': '/home/hegel/Documents/GitHub/mod8-pon3', 'symlink_install': False, 'test_result_base': None}
[1.016s] INFO:colcon.colcon_core.executor:Executing jobs using 'parallel' executor
[1.028s] DEBUG:colcon.colcon_parallel_executor.executor.parallel:run_until_complete
[1.028s] INFO:colcon.colcon_ros.task.catkin.build:Building ROS package in '/home/hegel/Documents/GitHub/mod8-pon3' with build type 'catkin'
[1.028s] INFO:colcon.colcon_cmake.task.cmake.build:Building CMake package in '/home/hegel/Documents/GitHub/mod8-pon3'
[1.041s] INFO:colcon.colcon_core.plugin_system:Skipping extension 'colcon_core.shell.bat': Not used on non-Windows systems
[1.041s] INFO:colcon.colcon_core.shell:Skip shell extension 'powershell' for command environment: Not usable outside of PowerShell
[1.041s] DEBUG:colcon.colcon_core.shell:Skip shell extension 'dsv' for command environment
[1.092s] DEBUG:colcon.colcon_core.event_handler.log_command:Invoking command in '/home/hegel/Documents/GitHub/mod8-pon3/build/my_ros_chatbot_package': DEBUGINFOD_URLS=https://debuginfod.ubuntu.com _=/usr/bin/env /usr/bin/cmake /home/hegel/Documents/GitHub/mod8-pon3 -DCATKIN_INSTALL_INTO_PREFIX_ROOT=0 -DCMAKE_INSTALL_PREFIX=/home/hegel/Documents/GitHub/mod8-pon3/install/my_ros_chatbot_package
[1.606s] DEBUG:colcon.colcon_core.event_handler.log_command:Invoked command in '/home/hegel/Documents/GitHub/mod8-pon3/build/my_ros_chatbot_package' returned '0': DEBUGINFOD_URLS=https://debuginfod.ubuntu.com _=/usr/bin/env /usr/bin/cmake /home/hegel/Documents/GitHub/mod8-pon3 -DCATKIN_INSTALL_INTO_PREFIX_ROOT=0 -DCMAKE_INSTALL_PREFIX=/home/hegel/Documents/GitHub/mod8-pon3/install/my_ros_chatbot_package
[1.607s] DEBUG:colcon.colcon_core.event_handler.log_command:Invoking command in '/home/hegel/Documents/GitHub/mod8-pon3/build/my_ros_chatbot_package': DEBUGINFOD_URLS=https://debuginfod.ubuntu.com _=/usr/bin/env /usr/bin/cmake --build /home/hegel/Documents/GitHub/mod8-pon3/build/my_ros_chatbot_package -- -j12 -l12
[1.631s] DEBUG:colcon.colcon_core.event_handler.log_command:Invoked command in '/home/hegel/Documents/GitHub/mod8-pon3/build/my_ros_chatbot_package' returned '0': DEBUGINFOD_URLS=https://debuginfod.ubuntu.com _=/usr/bin/env /usr/bin/cmake --build /home/hegel/Documents/GitHub/mod8-pon3/build/my_ros_chatbot_package -- -j12 -l12
[1.669s] DEBUG:colcon.colcon_core.event_handler.log_command:Invoking command in '/home/hegel/Documents/GitHub/mod8-pon3/build/my_ros_chatbot_package': DEBUGINFOD_URLS=https://debuginfod.ubuntu.com _=/usr/bin/env /usr/bin/cmake --install /home/hegel/Documents/GitHub/mod8-pon3/build/my_ros_chatbot_package
[1.677s] DEBUG:colcon.colcon_core.event_handler.log_command:Invoked command in '/home/hegel/Documents/GitHub/mod8-pon3/build/my_ros_chatbot_package' returned '0': DEBUGINFOD_URLS=https://debuginfod.ubuntu.com _=/usr/bin/env /usr/bin/cmake --install /home/hegel/Documents/GitHub/mod8-pon3/build/my_ros_chatbot_package
[1.693s] Level 1:colcon.colcon_core.shell:create_environment_hook('my_ros_chatbot_package', 'ros_package_path')
[1.704s] INFO:colcon.colcon_core.shell:Creating environment hook '/home/hegel/Documents/GitHub/mod8-pon3/install/my_ros_chatbot_package/share/my_ros_chatbot_package/hook/ros_package_path.ps1'
[1.705s] INFO:colcon.colcon_core.shell:Creating environment descriptor '/home/hegel/Documents/GitHub/mod8-pon3/install/my_ros_chatbot_package/share/my_ros_chatbot_package/hook/ros_package_path.dsv'
[1.706s] INFO:colcon.colcon_core.shell:Creating environment hook '/home/hegel/Documents/GitHub/mod8-pon3/install/my_ros_chatbot_package/share/my_ros_chatbot_package/hook/ros_package_path.sh'
[1.707s] Level 1:colcon.colcon_core.shell:create_environment_hook('my_ros_chatbot_package', 'pkg_config_path')
[1.718s] INFO:colcon.colcon_core.shell:Creating environment hook '/home/hegel/Documents/GitHub/mod8-pon3/install/my_ros_chatbot_package/share/my_ros_chatbot_package/hook/pkg_config_path.ps1'
[1.718s] INFO:colcon.colcon_core.shell:Creating environment descriptor '/home/hegel/Documents/GitHub/mod8-pon3/install/my_ros_chatbot_package/share/my_ros_chatbot_package/hook/pkg_config_path.dsv'
[1.719s] INFO:colcon.colcon_core.shell:Creating environment hook '/home/hegel/Documents/GitHub/mod8-pon3/install/my_ros_chatbot_package/share/my_ros_chatbot_package/hook/pkg_config_path.sh'
[1.720s] Level 1:colcon.colcon_core.shell:create_environment_hook('my_ros_chatbot_package', 'pkg_config_path_multiarch')
[1.732s] INFO:colcon.colcon_core.shell:Creating environment hook '/home/hegel/Documents/GitHub/mod8-pon3/install/my_ros_chatbot_package/share/my_ros_chatbot_package/hook/pkg_config_path_multiarch.ps1'
[1.732s] INFO:colcon.colcon_core.shell:Creating environment descriptor '/home/hegel/Documents/GitHub/mod8-pon3/install/my_ros_chatbot_package/share/my_ros_chatbot_package/hook/pkg_config_path_multiarch.dsv'
[1.732s] INFO:colcon.colcon_core.shell:Creating environment hook '/home/hegel/Documents/GitHub/mod8-pon3/install/my_ros_chatbot_package/share/my_ros_chatbot_package/hook/pkg_config_path_multiarch.sh'
[1.745s] Level 1:colcon.colcon_core.environment:create_environment_scripts_only(my_ros_chatbot_package)
[1.758s] Level 1:colcon.colcon_core.environment:checking '/home/hegel/Documents/GitHub/mod8-pon3/install/my_ros_chatbot_package' for CMake module files
[1.758s] Level 1:colcon.colcon_core.environment:checking '/home/hegel/Documents/GitHub/mod8-pon3/install/my_ros_chatbot_package' for CMake config files
[1.758s] Level 1:colcon.colcon_core.shell:create_environment_hook('my_ros_chatbot_package', 'cmake_prefix_path')
[1.770s] INFO:colcon.colcon_core.shell:Creating environment hook '/home/hegel/Documents/GitHub/mod8-pon3/install/my_ros_chatbot_package/share/my_ros_chatbot_package/hook/cmake_prefix_path.ps1'
[1.770s] INFO:colcon.colcon_core.shell:Creating environment descriptor '/home/hegel/Documents/GitHub/mod8-pon3/install/my_ros_chatbot_package/share/my_ros_chatbot_package/hook/cmake_prefix_path.dsv'
[1.771s] INFO:colcon.colcon_core.shell:Creating environment hook '/home/hegel/Documents/GitHub/mod8-pon3/install/my_ros_chatbot_package/share/my_ros_chatbot_package/hook/cmake_prefix_path.sh'
[1.772s] Level 1:colcon.colcon_core.environment:checking '/home/hegel/Documents/GitHub/mod8-pon3/install/my_ros_chatbot_package/lib'
[1.772s] Level 1:colcon.colcon_core.environment:checking '/home/hegel/Documents/GitHub/mod8-pon3/install/my_ros_chatbot_package/bin'
[1.772s] Level 1:colcon.colcon_core.environment:checking '/home/hegel/Documents/GitHub/mod8-pon3/install/my_ros_chatbot_package/lib/pkgconfig/my_ros_chatbot_package.pc'
[1.772s] Level 1:colcon.colcon_core.environment:checking '/home/hegel/Documents/GitHub/mod8-pon3/install/my_ros_chatbot_package/lib/python3.10/site-packages'
[1.772s] Level 1:colcon.colcon_core.shell:create_environment_hook('my_ros_chatbot_package', 'pythonpath')
[1.784s] INFO:colcon.colcon_core.shell:Creating environment hook '/home/hegel/Documents/GitHub/mod8-pon3/install/my_ros_chatbot_package/share/my_ros_chatbot_package/hook/pythonpath.ps1'
[1.784s] INFO:colcon.colcon_core.shell:Creating environment descriptor '/home/hegel/Documents/GitHub/mod8-pon3/install/my_ros_chatbot_package/share/my_ros_chatbot_package/hook/pythonpath.dsv'
[1.784s] INFO:colcon.colcon_core.shell:Creating environment hook '/home/hegel/Documents/GitHub/mod8-pon3/install/my_ros_chatbot_package/share/my_ros_chatbot_package/hook/pythonpath.sh'
[1.785s] Level 1:colcon.colcon_core.environment:checking '/home/hegel/Documents/GitHub/mod8-pon3/install/my_ros_chatbot_package/bin'
[1.797s] INFO:colcon.colcon_core.shell:Creating package script '/home/hegel/Documents/GitHub/mod8-pon3/install/my_ros_chatbot_package/share/my_ros_chatbot_package/package.ps1'
[1.798s] INFO:colcon.colcon_core.shell:Creating package descriptor '/home/hegel/Documents/GitHub/mod8-pon3/install/my_ros_chatbot_package/share/my_ros_chatbot_package/package.dsv'
[1.799s] INFO:colcon.colcon_core.shell:Creating package script '/home/hegel/Documents/GitHub/mod8-pon3/install/my_ros_chatbot_package/share/my_ros_chatbot_package/package.sh'
[1.800s] INFO:colcon.colcon_core.shell:Creating package script '/home/hegel/Documents/GitHub/mod8-pon3/install/my_ros_chatbot_package/share/my_ros_chatbot_package/package.bash'
[1.800s] INFO:colcon.colcon_core.shell:Creating package script '/home/hegel/Documents/GitHub/mod8-pon3/install/my_ros_chatbot_package/share/my_ros_chatbot_package/package.zsh'
[1.801s] Level 1:colcon.colcon_core.environment:create_file_with_runtime_dependencies(/home/hegel/Documents/GitHub/mod8-pon3/install/my_ros_chatbot_package/share/colcon-core/packages/my_ros_chatbot_package)
[1.801s] DEBUG:colcon.colcon_parallel_executor.executor.parallel:closing loop
[1.802s] DEBUG:colcon.colcon_parallel_executor.executor.parallel:loop closed
[1.802s] DEBUG:colcon.colcon_parallel_executor.executor.parallel:run_until_complete finished with '0'
[1.802s] DEBUG:colcon.colcon_core.event_reactor:joining thread
[1.817s] INFO:colcon.colcon_core.plugin_system:Skipping extension 'colcon_notification.desktop_notification.terminal_notifier': Not used on non-Darwin systems
[1.817s] INFO:colcon.colcon_core.plugin_system:Skipping extension 'colcon_notification.desktop_notification.win32': Not used on non-Windows systems
[1.818s] INFO:colcon.colcon_notification.desktop_notification:Sending desktop notification using 'notify2'
[1.826s] DEBUG:colcon.colcon_core.event_reactor:joined thread
[1.838s] INFO:colcon.colcon_core.shell:Creating prefix script '/home/hegel/Documents/GitHub/mod8-pon3/install/local_setup.ps1'
[1.839s] INFO:colcon.colcon_core.shell:Creating prefix util module '/home/hegel/Documents/GitHub/mod8-pon3/install/_local_setup_util_ps1.py'
[1.840s] INFO:colcon.colcon_core.shell:Creating prefix chain script '/home/hegel/Documents/GitHub/mod8-pon3/install/setup.ps1'
[1.853s] INFO:colcon.colcon_core.shell:Creating prefix script '/home/hegel/Documents/GitHub/mod8-pon3/install/local_setup.sh'
[1.854s] INFO:colcon.colcon_core.shell:Creating prefix util module '/home/hegel/Documents/GitHub/mod8-pon3/install/_local_setup_util_sh.py'
[1.854s] INFO:colcon.colcon_core.shell:Creating prefix chain script '/home/hegel/Documents/GitHub/mod8-pon3/install/setup.sh'
[1.867s] INFO:colcon.colcon_core.shell:Creating prefix script '/home/hegel/Documents/GitHub/mod8-pon3/install/local_setup.bash'
[1.867s] INFO:colcon.colcon_core.shell:Creating prefix chain script '/home/hegel/Documents/GitHub/mod8-pon3/install/setup.bash'
[1.880s] INFO:colcon.colcon_core.shell:Creating prefix script '/home/hegel/Documents/GitHub/mod8-pon3/install/local_setup.zsh'
[1.880s] INFO:colcon.colcon_core.shell:Creating prefix chain script '/home/hegel/Documents/GitHub/mod8-pon3/install/setup.zsh'
